#-----------------------------------------------------------
# Vivado v2020.1 (64-bit)
# SW Build 2902540 on Wed May 27 19:54:49 MDT 2020
# IP Build 2902112 on Wed May 27 22:43:36 MDT 2020
# Start of session at: Tue Dec 13 11:45:23 2022
# Process ID: 5240
# Current directory: C:/Users/needs/OneDrive/Desktop/TerritorialWars_Basys3-RegionintheMaking
# Command line: vivado.exe -gui_launcher_event rodinguilauncherevent19784 C:\Users\needs\OneDrive\Desktop\TerritorialWars_Basys3-RegionintheMaking\test.xpr
# Log file: C:/Users/needs/OneDrive/Desktop/TerritorialWars_Basys3-RegionintheMaking/vivado.log
# Journal file: C:/Users/needs/OneDrive/Desktop/TerritorialWars_Basys3-RegionintheMaking\vivado.jou
#-----------------------------------------------------------
start_gui
open_project C:/Users/needs/OneDrive/Desktop/TerritorialWars_Basys3-RegionintheMaking/test.xpr
IINFO: [Project 1-313] Project file moved from 'C:/Users/Tajdar/Downloads/TerritorialWars_Basys3-RegionintheMaking' since last save.
Scanning sources...
Finished scanning sourcesIINFO: [IP_Flow 19-234] Refreshing IP repositories
INFO: [IP_Flow 19-1704] No user IP repositories specifiedINFO: [IP_Flow 19-2313] Loaded Vivado IP repository 'D:/Softwares/xilinx/Vivado/2020.1/data/ip'.
WARNING: [IP_Flow 19-2162] IP 'xadc_wiz_0' is locked:
* IP definition 'XADC Wizard (3.0)' for IP 'xadc_wiz_0' (customized with software release 2015.1) has a newer minor version in the IP Catalog.
oopen_project: Time (s): cpu = 00:00:26 ; elapsed = 00:00:33 . Memory (MB): peak = 996.863 ; gain = 0.000
update_compile_order -fileset sources_1
reset_run synth_1
WARNING: [Vivado 12-1017] Problems encountered:
1. Process appears to be on host 'DESKTOP-CQBFD6R' and cannot be killed from host 'Muhammads'

exit
INFO: [Common 17-206] Exiting Vivado at Tue Dec 13 11:47:23 2022...
o_step write_bitstream -jobs 2
WARNING: [Vivado 12-4801] The synthesis checkpoint for IP 'C:/Users/needs/OneDrive/Desktop/TerritorialWars_Basys3-RegionintheMaking/test.srcs/sources_1/ip/xadc_wiz_0/xadc_wiz_0.xci' is available but stale and the IP is locked. An out-of-context (OOC) run will be created and/or launched, but synthesis may not be able to complete or could result in incorrect behavior.
Please select 'Report IP Status' from the 'Tools/Report' menu or run Tcl command 'report_ip_status' for more information.
WARNING: [Runs 36-337] The following IPs are either missing output products or output products are not up-to-date for Synthesis target. Since these IPs are locked, no update to the output products can be done. 
Please select 'Report IP Status' from the 'Tools/Report' menu or run Tcl command 'report_ip_status' for more information.
C:/Users/needs/OneDrive/Desktop/TerritorialWars_Basys3-RegionintheMaking/test.srcs/sources_1/ip/xadc_wiz_0/xadc_wiz_0.xci

[Tue Dec 13 11:46:51 2022] Launched synth_1...
Run output will be captured here: C:/Users/needs/OneDrive/Desktop/TerritorialWars_Basys3-RegionintheMaking/test.runs/synth_1/runme.log
[Tue Dec 13 11:46:52 2022] Launched impl_1...
Run output will be captured here: C:/Users/needs/OneDrive/Desktop/TerritorialWars_Basys3-RegionintheMaking/test.runs/impl_1/runme.log
reset_run synth_1
WARNING: [Vivado 12-1017] Problems encountered:
1. Failed to delete one or more files in run directory C:/Users/needs/OneDrive/Desktop/TerritorialWars_Basys3-RegionintheMaking/test.runs/synth_1

launch_runs impl_1 -to_step write_bitstream -jobs 2
WARNING: [Vivado 12-4801] The synthesis checkpoint for IP 'C:/Users/needs/OneDrive/Desktop/TerritorialWars_Basys3-RegionintheMaking/test.srcs/sources_1/ip/xadc_wiz_0/xadc_wiz_0.xci' is available but stale and the IP is locked. An out-of-context (OOC) run will be created and/or launched, but synthesis may not be able to complete or could result in incorrect behavior.
Please select 'Report IP Status' from the 'Tools/Report' menu or run Tcl command 'report_ip_status' for more information.
WARNING: [Runs 36-337] The following IPs are either missing output products or output products are not up-to-date for Synthesis target. Since these IPs are locked, no update to the output products can be done. 
Please select 'Report IP Status' from the 'Tools/Report' menu or run Tcl command 'report_ip_status' for more information.
C:/Users/needs/OneDrive/Desktop/TerritorialWars_Basys3-RegionintheMaking/test.srcs/sources_1/ip/xadc_wiz_0/xadc_wiz_0.xci

[Tue Dec 13 11:47:36 2022] Launched synth_1...
Run output will be captured here: C:/Users/needs/OneDrive/Desktop/TerritorialWars_Basys3-RegionintheMaking/test.runs/synth_1/runme.log
[Tue Dec 13 11:47:36 2022] Launched impl_1...
Run output will be captured here: C:/Users/needs/OneDrive/Desktop/TerritorialWars_Basys3-RegionintheMaking/test.runs/impl_1/runme.log
report_ip_status -name ip_status 
exit
INFO: [Common 17-206] Exiting Vivado at Tue Dec 13 12:25:29 2022...
