#-----------------------------------------------------------
# Vivado v2020.1 (64-bit)
# SW Build 2902540 on Wed May 27 19:54:49 MDT 2020
# IP Build 2902112 on Wed May 27 22:43:36 MDT 2020
# Start of session at: Mon Dec 12 11:30:34 2022
# Process ID: 16572
# Current directory: C:/Users/Tajdar/Downloads/TerritorialWars_Basys3-RegionintheMaking
# Command line: vivado.exe -gui_launcher_event rodinguilauncherevent24904 C:\Users\Tajdar\Downloads\TerritorialWars_Basys3-RegionintheMaking\test.xpr
# Log file: C:/Users/Tajdar/Downloads/TerritorialWars_Basys3-RegionintheMaking/vivado.log
# Journal file: C:/Users/Tajdar/Downloads/TerritorialWars_Basys3-RegionintheMaking\vivado.jou
#-----------------------------------------------------------
start_gui
open_project C:/Users/Tajdar/Downloads/TerritorialWars_Basys3-RegionintheMaking/test.xpr
INFO: [Project 1-313] Project file moved from 'C:/Users/needs/OneDrive/Documents/GitHub/TerritorialWars_Basys3' since last save.
Scanning sources...
Finished scanning sources
INFO: [IP_Flow 19-234] Refreshing IP repositories
INFO: [IP_Flow 19-1704] No user IP repositories specified
INFO: [IP_Flow 19-2313] Loaded Vivado IP repository 'D:/vivado/Vivado/2020.1/data/ip'.
WARNING: [IP_Flow 19-2162] IP 'xadc_wiz_0' is locked:
* IP definition 'XADC Wizard (3.0)' for IP 'xadc_wiz_0' (customized with software release 2015.1) has a newer minor version in the IP Catalog.
open_project: Time (s): cpu = 00:00:23 ; elapsed = 00:00:10 . Memory (MB): peak = 1027.730 ; gain = 0.000
update_compile_order -fileset sources_1
close [ open C:/Users/Tajdar/Downloads/TerritorialWars_Basys3-RegionintheMaking/test.srcs/sources_1/new/binary_2_bcd.v w ]
add_files C:/Users/Tajdar/Downloads/TerritorialWars_Basys3-RegionintheMaking/test.srcs/sources_1/new/binary_2_bcd.v
update_compile_order -fileset sources_1
close [ open C:/Users/Tajdar/Downloads/TerritorialWars_Basys3-RegionintheMaking/test.srcs/sources_1/new/score_count.v w ]
add_files C:/Users/Tajdar/Downloads/TerritorialWars_Basys3-RegionintheMaking/test.srcs/sources_1/new/score_count.v
update_compile_order -fileset sources_1
close [ open C:/Users/Tajdar/Downloads/TerritorialWars_Basys3-RegionintheMaking/test.srcs/sources_1/new/selection.v w ]
add_files C:/Users/Tajdar/Downloads/TerritorialWars_Basys3-RegionintheMaking/test.srcs/sources_1/new/selection.v
update_compile_order -fileset sources_1
close [ open C:/Users/Tajdar/Downloads/TerritorialWars_Basys3-RegionintheMaking/test.srcs/sources_1/new/D_FlipFlop.v w ]
add_files C:/Users/Tajdar/Downloads/TerritorialWars_Basys3-RegionintheMaking/test.srcs/sources_1/new/D_FlipFlop.v
update_compile_order -fileset sources_1
close [ open C:/Users/Tajdar/Downloads/TerritorialWars_Basys3-RegionintheMaking/test.srcs/sources_1/new/clk_div2.v w ]
add_files C:/Users/Tajdar/Downloads/TerritorialWars_Basys3-RegionintheMaking/test.srcs/sources_1/new/clk_div2.v
update_compile_order -fileset sources_1
update_compile_order -fileset sources_1
update_compile_order -fileset sources_1
update_compile_order -fileset sources_1
reset_run synth_1
INFO: [filemgmt 20-762] Replacing file 'C:/Users/Tajdar/Downloads/TerritorialWars_Basys3-RegionintheMaking/test.srcs/utils_1/imports/synth_1/XADCdemo.dcp' with file 'C:/Users/Tajdar/Downloads/TerritorialWars_Basys3-RegionintheMaking/test.runs/synth_1/XADCdemo.dcp'.
INFO: [filemgmt 20-1080] Importing file from 'C:/Users/Tajdar/Downloads/TerritorialWars_Basys3-RegionintheMaking/test.runs/synth_1/XADCdemo.dcp' to 'C:/Users/Tajdar/Downloads/TerritorialWars_Basys3-RegionintheMaking/test.srcs/utils_1/imports/synth_1/XADCdemo.dcp'.
launch_runs synth_1 -jobs 2
WARNING: [Vivado 12-4801] The synthesis checkpoint for IP 'C:/Users/Tajdar/Downloads/TerritorialWars_Basys3-RegionintheMaking/test.srcs/sources_1/ip/xadc_wiz_0/xadc_wiz_0.xci' is available but stale and the IP is locked. An out-of-context (OOC) run will be created and/or launched, but synthesis may not be able to complete or could result in incorrect behavior.
Please select 'Report IP Status' from the 'Tools/Report' menu or run Tcl command 'report_ip_status' for more information.
WARNING: [Runs 36-337] The following IPs are either missing output products or output products are not up-to-date for Synthesis target. Since these IPs are locked, no update to the output products can be done. 
Please select 'Report IP Status' from the 'Tools/Report' menu or run Tcl command 'report_ip_status' for more information.
C:/Users/Tajdar/Downloads/TerritorialWars_Basys3-RegionintheMaking/test.srcs/sources_1/ip/xadc_wiz_0/xadc_wiz_0.xci

[Mon Dec 12 12:25:59 2022] Launched synth_1...
Run output will be captured here: C:/Users/Tajdar/Downloads/TerritorialWars_Basys3-RegionintheMaking/test.runs/synth_1/runme.log
reset_run synth_1
INFO: [filemgmt 20-762] Replacing file 'C:/Users/Tajdar/Downloads/TerritorialWars_Basys3-RegionintheMaking/test.srcs/utils_1/imports/synth_1/XADCdemo.dcp' with file 'C:/Users/Tajdar/Downloads/TerritorialWars_Basys3-RegionintheMaking/test.runs/synth_1/XADCdemo.dcp'.
INFO: [filemgmt 20-1080] Importing file from 'C:/Users/Tajdar/Downloads/TerritorialWars_Basys3-RegionintheMaking/test.runs/synth_1/XADCdemo.dcp' to 'C:/Users/Tajdar/Downloads/TerritorialWars_Basys3-RegionintheMaking/test.srcs/utils_1/imports/synth_1/XADCdemo.dcp'.
launch_runs impl_1 -jobs 2
WARNING: [Vivado 12-4801] The synthesis checkpoint for IP 'C:/Users/Tajdar/Downloads/TerritorialWars_Basys3-RegionintheMaking/test.srcs/sources_1/ip/xadc_wiz_0/xadc_wiz_0.xci' is available but stale and the IP is locked. An out-of-context (OOC) run will be created and/or launched, but synthesis may not be able to complete or could result in incorrect behavior.
Please select 'Report IP Status' from the 'Tools/Report' menu or run Tcl command 'report_ip_status' for more information.
WARNING: [Runs 36-337] The following IPs are either missing output products or output products are not up-to-date for Synthesis target. Since these IPs are locked, no update to the output products can be done. 
Please select 'Report IP Status' from the 'Tools/Report' menu or run Tcl command 'report_ip_status' for more information.
C:/Users/Tajdar/Downloads/TerritorialWars_Basys3-RegionintheMaking/test.srcs/sources_1/ip/xadc_wiz_0/xadc_wiz_0.xci

[Mon Dec 12 12:31:27 2022] Launched synth_1...
Run output will be captured here: C:/Users/Tajdar/Downloads/TerritorialWars_Basys3-RegionintheMaking/test.runs/synth_1/runme.log
[Mon Dec 12 12:31:27 2022] Launched impl_1...
Run output will be captured here: C:/Users/Tajdar/Downloads/TerritorialWars_Basys3-RegionintheMaking/test.runs/impl_1/runme.log
open_run impl_1
INFO: [Device 21-403] Loading part xc7a35tcpg236-1
Netlist sorting complete. Time (s): cpu = 00:00:00 ; elapsed = 00:00:00.006 . Memory (MB): peak = 1197.012 ; gain = 0.000
INFO: [Netlist 29-17] Analyzing 27 Unisim elements for replacement
INFO: [Netlist 29-28] Unisim Transformation completed in 0 CPU seconds
INFO: [Project 1-479] Netlist was created with Vivado 2020.1
INFO: [Project 1-570] Preparing netlist for logic optimization
INFO: [Timing 38-478] Restoring timing data from binary archive.
INFO: [Timing 38-479] Binary timing data restore complete.
INFO: [Project 1-856] Restoring constraints from binary archive.
INFO: [Project 1-853] Binary constraint restore complete.
Reading XDEF placement.
Reading placer database...
Reading XDEF routing.
Read XDEF File: Time (s): cpu = 00:00:00 ; elapsed = 00:00:00.141 . Memory (MB): peak = 1795.262 ; gain = 0.000
Restored from archive | CPU: 0.000000 secs | Memory: 0.000000 MB |
Finished XDEF File Restore: Time (s): cpu = 00:00:00 ; elapsed = 00:00:00.148 . Memory (MB): peak = 1795.262 ; gain = 0.000
Netlist sorting complete. Time (s): cpu = 00:00:00 ; elapsed = 00:00:00.001 . Memory (MB): peak = 1795.262 ; gain = 0.000
INFO: [Project 1-111] Unisim Transformation Summary:
No Unisim elements were transformed.

open_run: Time (s): cpu = 00:00:37 ; elapsed = 00:00:32 . Memory (MB): peak = 1902.031 ; gain = 870.441
CRITICAL WARNING: [Timing 38-282] The design failed to meet the timing requirements. Please see the timing summary report for details on the timing violations.
exit
INFO: [Common 17-206] Exiting Vivado at Mon Dec 12 12:52:37 2022...
