#-----------------------------------------------------------
# Vivado v2020.1 (64-bit)
# SW Build 2902540 on Wed May 27 19:54:49 MDT 2020
# IP Build 2902112 on Wed May 27 22:43:36 MDT 2020
# Start of session at: Sat Dec 10 17:55:21 2022
# Process ID: 26872
# Current directory: C:/Users/needs/OneDrive/Documents/GitHub/TerritorialWars_Basys3
# Command line: vivado.exe -gui_launcher_event rodinguilauncherevent4364 C:\Users\needs\OneDrive\Documents\GitHub\TerritorialWars_Basys3\test.xpr
# Log file: C:/Users/needs/OneDrive/Documents/GitHub/TerritorialWars_Basys3/vivado.log
# Journal file: C:/Users/needs/OneDrive/Documents/GitHub/TerritorialWars_Basys3\vivado.jou
#-----------------------------------------------------------
start_gui
open_project C:/Users/needs/OneDrive/Documents/GitHub/TerritorialWars_Basys3/test.xpr
Scanning sources...
Finished scanning sources
INFO: [IP_Flow 19-234] Refreshing IP repositories
INFO: [IP_Flow 19-1704] No user IP repositories specified
INFO: [IP_Flow 19-2313] Loaded Vivado IP repository 'D:/Softwares/xilinx/Vivado/2020.1/data/ip'.
WARNING: [IP_Flow 19-2162] IP 'xadc_wiz_0' is locked:
* IP definition 'XADC Wizard (3.0)' for IP 'xadc_wiz_0' (customized with software release 2015.1) has a newer minor version in the IP Catalog.
open_project: Time (s): cpu = 00:00:35 ; elapsed = 00:00:15 . Memory (MB): peak = 1024.770 ; gain = 0.000
update_compile_order -fileset sources_1
launch_runs impl_1 -to_step write_bitstream -jobs 2
WARNING: [Vivado 12-4801] The synthesis checkpoint for IP 'C:/Users/needs/OneDrive/Documents/GitHub/TerritorialWars_Basys3/test.srcs/sources_1/ip/xadc_wiz_0/xadc_wiz_0.xci' is available but stale and the IP is locked. An out-of-context (OOC) run will be created and/or launched, but synthesis may not be able to complete or could result in incorrect behavior.
Please select 'Report IP Status' from the 'Tools/Report' menu or run Tcl command 'report_ip_status' for more information.
WARNING: [Runs 36-337] The following IPs are either missing output products or output products are not up-to-date for Synthesis target. Since these IPs are locked, no update to the output products can be done. 
Please select 'Report IP Status' from the 'Tools/Report' menu or run Tcl command 'report_ip_status' for more information.
C:/Users/needs/OneDrive/Documents/GitHub/TerritorialWars_Basys3/test.srcs/sources_1/ip/xadc_wiz_0/xadc_wiz_0.xci

[Sat Dec 10 17:56:36 2022] Launched synth_1...
Run output will be captured here: C:/Users/needs/OneDrive/Documents/GitHub/TerritorialWars_Basys3/test.runs/synth_1/runme.log
[Sat Dec 10 17:56:36 2022] Launched impl_1...
Run output will be captured here: C:/Users/needs/OneDrive/Documents/GitHub/TerritorialWars_Basys3/test.runs/impl_1/runme.log
reset_run synth_1
launch_runs impl_1 -to_step write_bitstream -jobs 2
WARNING: [Vivado 12-4801] The synthesis checkpoint for IP 'C:/Users/needs/OneDrive/Documents/GitHub/TerritorialWars_Basys3/test.srcs/sources_1/ip/xadc_wiz_0/xadc_wiz_0.xci' is available but stale and the IP is locked. An out-of-context (OOC) run will be created and/or launched, but synthesis may not be able to complete or could result in incorrect behavior.
Please select 'Report IP Status' from the 'Tools/Report' menu or run Tcl command 'report_ip_status' for more information.
WARNING: [Runs 36-337] The following IPs are either missing output products or output products are not up-to-date for Synthesis target. Since these IPs are locked, no update to the output products can be done. 
Please select 'Report IP Status' from the 'Tools/Report' menu or run Tcl command 'report_ip_status' for more information.
C:/Users/needs/OneDrive/Documents/GitHub/TerritorialWars_Basys3/test.srcs/sources_1/ip/xadc_wiz_0/xadc_wiz_0.xci

[Sat Dec 10 18:03:08 2022] Launched synth_1...
Run output will be captured here: C:/Users/needs/OneDrive/Documents/GitHub/TerritorialWars_Basys3/test.runs/synth_1/runme.log
[Sat Dec 10 18:03:09 2022] Launched impl_1...
Run output will be captured here: C:/Users/needs/OneDrive/Documents/GitHub/TerritorialWars_Basys3/test.runs/impl_1/runme.log
reset_run impl_1
reset_run synth_1
WARNING: [Vivado 12-1017] Problems encountered:
1. Failed to delete one or more files in run directory C:/Users/needs/OneDrive/Documents/GitHub/TerritorialWars_Basys3/test.runs/synth_1

exit
INFO: [Common 17-206] Exiting Vivado at Sat Dec 10 20:31:18 2022...
