#-----------------------------------------------------------
# Vivado v2020.1 (64-bit)
# SW Build 2902540 on Wed May 27 19:54:49 MDT 2020
# IP Build 2902112 on Wed May 27 22:43:36 MDT 2020
# Start of session at: Tue Dec 13 09:47:09 2022
# Process ID: 17776
# Current directory: C:/Users/Tajdar/Downloads/TerritorialWars_Basys3-RegionintheMaking
# Command line: vivado.exe -gui_launcher_event rodinguilauncherevent25588 C:\Users\Tajdar\Downloads\TerritorialWars_Basys3-RegionintheMaking\test.xpr
# Log file: C:/Users/Tajdar/Downloads/TerritorialWars_Basys3-RegionintheMaking/vivado.log
# Journal file: C:/Users/Tajdar/Downloads/TerritorialWars_Basys3-RegionintheMaking\vivado.jou
#-----------------------------------------------------------
start_gui
open_project C:/Users/Tajdar/Downloads/TerritorialWars_Basys3-RegionintheMaking/test.xpr
Scanning sources...
Finished scanning sources
INFO: [IP_Flow 19-234] Refreshing IP repositories
INFO: [IP_Flow 19-1704] No user IP repositories specified
INFO: [IP_Flow 19-2313] Loaded Vivado IP repository 'D:/vivado/Vivado/2020.1/data/ip'.
WARNING: [IP_Flow 19-2162] IP 'xadc_wiz_0' is locked:
* IP definition 'XADC Wizard (3.0)' for IP 'xadc_wiz_0' (customized with software release 2015.1) has a newer minor version in the IP Catalog.
open_project: Time (s): cpu = 00:00:20 ; elapsed = 00:00:08 . Memory (MB): peak = 1024.668 ; gain = 0.000
update_compile_order -fileset sources_1
exit
INFO: [Common 17-206] Exiting Vivado at Tue Dec 13 09:48:32 2022...
