#-----------------------------------------------------------
# Vivado v2020.1 (64-bit)
# SW Build 2902540 on Wed May 27 19:54:49 MDT 2020
# IP Build 2902112 on Wed May 27 22:43:36 MDT 2020
# Start of session at: Tue Dec 13 19:24:10 2022
# Process ID: 4468
# Current directory: C:/Users/needs/OneDrive/Documents/GitHub/TerritorialWars_Basys3
# Command line: vivado.exe -gui_launcher_event rodinguilauncherevent11932 C:\Users\needs\OneDrive\Documents\GitHub\TerritorialWars_Basys3\test.xpr
# Log file: C:/Users/needs/OneDrive/Documents/GitHub/TerritorialWars_Basys3/vivado.log
# Journal file: C:/Users/needs/OneDrive/Documents/GitHub/TerritorialWars_Basys3\vivado.jou
#-----------------------------------------------------------
start_gui
open_project C:/Users/needs/OneDrive/Documents/GitHub/TerritorialWars_Basys3/test.xpr
Scanning sources...
Finished scanning sources
INFO: [IP_Flow 19-234] Refreshing IP repositories
INFO: [IP_Flow 19-1704] No user IP repositories specified
INFO: [IP_Flow 19-2313] Loaded Vivado IP repository 'D:/Softwares/xilinx/Vivado/2020.1/data/ip'.
WARNING: [IP_Flow 19-2162] IP 'xadc_wiz_0' is locked:
* IP definition 'XADC Wizard (3.0)' for IP 'xadc_wiz_0' (customized with software release 2015.1) has a newer minor version in the IP Catalog.
open_project: Time (s): cpu = 00:00:25 ; elapsed = 00:00:12 . Memory (MB): peak = 1024.961 ; gain = 0.000
update_compile_order -fileset sources_1
reset_run synth_1
INFO: [filemgmt 20-762] Replacing file 'C:/Users/needs/OneDrive/Documents/GitHub/TerritorialWars_Basys3/test.srcs/utils_1/imports/synth_1/XADCdemo.dcp' with file 'C:/Users/needs/OneDrive/Documents/GitHub/TerritorialWars_Basys3/test.runs/synth_1/XADCdemo.dcp'.
INFO: [filemgmt 20-1080] Importing file from 'C:/Users/needs/OneDrive/Documents/GitHub/TerritorialWars_Basys3/test.runs/synth_1/XADCdemo.dcp' to 'C:/Users/needs/OneDrive/Documents/GitHub/TerritorialWars_Basys3/test.srcs/utils_1/imports/synth_1/XADCdemo.dcp'.
launch_runs synth_1 -jobs 2
WARNING: [Vivado 12-4801] The synthesis checkpoint for IP 'C:/Users/needs/OneDrive/Documents/GitHub/TerritorialWars_Basys3/test.srcs/sources_1/ip/xadc_wiz_0/xadc_wiz_0.xci' is available but stale and the IP is locked. An out-of-context (OOC) run will be created and/or launched, but synthesis may not be able to complete or could result in incorrect behavior.
Please select 'Report IP Status' from the 'Tools/Report' menu or run Tcl command 'report_ip_status' for more information.
WARNING: [Runs 36-337] The following IPs are either missing output products or output products are not up-to-date for Synthesis target. Since these IPs are locked, no update to the output products can be done. 
Please select 'Report IP Status' from the 'Tools/Report' menu or run Tcl command 'report_ip_status' for more information.
C:/Users/needs/OneDrive/Documents/GitHub/TerritorialWars_Basys3/test.srcs/sources_1/ip/xadc_wiz_0/xadc_wiz_0.xci

[Tue Dec 13 19:28:40 2022] Launched synth_1...
Run output will be captured here: C:/Users/needs/OneDrive/Documents/GitHub/TerritorialWars_Basys3/test.runs/synth_1/runme.log
report_ip_status -name ip_status 
exit
INFO: [Common 17-206] Exiting Vivado at Tue Dec 13 19:31:22 2022...
