#-----------------------------------------------------------
# Vivado v2020.1 (64-bit)
# SW Build 2902540 on Wed May 27 19:54:49 MDT 2020
# IP Build 2902112 on Wed May 27 22:43:36 MDT 2020
# Start of session at: Sun Dec 11 13:41:01 2022
# Process ID: 19240
# Current directory: C:/Users/needs/OneDrive/Documents/GitHub/TerritorialWars_Basys3
# Command line: vivado.exe -gui_launcher_event rodinguilauncherevent6720 C:\Users\needs\OneDrive\Documents\GitHub\TerritorialWars_Basys3\test.xpr
# Log file: C:/Users/needs/OneDrive/Documents/GitHub/TerritorialWars_Basys3/vivado.log
# Journal file: C:/Users/needs/OneDrive/Documents/GitHub/TerritorialWars_Basys3\vivado.jou
#-----------------------------------------------------------
start_gui
open_project C:/Users/needs/OneDrive/Documents/GitHub/TerritorialWars_Basys3/test.xpr
Scanning sources...
Finished scanning sources
INFO: [IP_Flow 19-234] Refreshing IP repositories
INFO: [IP_Flow 19-1704] No user IP repositories specified
INFO: [IP_Flow 19-2313] Loaded Vivado IP repository 'D:/Softwares/xilinx/Vivado/2020.1/data/ip'.
WARNING: [IP_Flow 19-2162] IP 'xadc_wiz_0' is locked:
* IP definition 'XADC Wizard (3.0)' for IP 'xadc_wiz_0' (customized with software release 2015.1) has a newer minor version in the IP Catalog.
open_project: Time (s): cpu = 00:00:46 ; elapsed = 00:00:20 . Memory (MB): peak = 996.574 ; gain = 0.000
update_compile_order -fileset sources_1
update_compile_order -fileset sources_1
set_property write_incremental_synth_checkpoint true [get_runs synth_1]
WARNING: [filemgmt 56-199] Attempt to get parsing info during refresh. "On-the-fly" syntax checking information may be incorrect. [C:\Users\needs\OneDrive\Documents\GitHub\TerritorialWars_Basys3\test.srcs\sources_1\imports\Game_screen\Game_screen.srcs\sources_1\new\pixel_generation_two.v:]
WARNING: [filemgmt 56-199] Attempt to get parsing info during refresh. "On-the-fly" syntax checking information may be incorrect. [C:\Users\needs\OneDrive\Documents\GitHub\TerritorialWars_Basys3\test.srcs\sources_1\imports\hdl\rom.txt.v:]
ERROR: [Common 17-180] Spawn failed: No error
reset_run synth_1
launch_runs impl_1 -to_step write_bitstream -jobs 2
WARNING: [Vivado 12-4801] The synthesis checkpoint for IP 'C:/Users/needs/OneDrive/Documents/GitHub/TerritorialWars_Basys3/test.srcs/sources_1/ip/xadc_wiz_0/xadc_wiz_0.xci' is available but stale and the IP is locked. An out-of-context (OOC) run will be created and/or launched, but synthesis may not be able to complete or could result in incorrect behavior.
Please select 'Report IP Status' from the 'Tools/Report' menu or run Tcl command 'report_ip_status' for more information.
WARNING: [Runs 36-337] The following IPs are either missing output products or output products are not up-to-date for Synthesis target. Since these IPs are locked, no update to the output products can be done. 
Please select 'Report IP Status' from the 'Tools/Report' menu or run Tcl command 'report_ip_status' for more information.
C:/Users/needs/OneDrive/Documents/GitHub/TerritorialWars_Basys3/test.srcs/sources_1/ip/xadc_wiz_0/xadc_wiz_0.xci

[Sun Dec 11 13:50:02 2022] Launched synth_1...
Run output will be captured here: C:/Users/needs/OneDrive/Documents/GitHub/TerritorialWars_Basys3/test.runs/synth_1/runme.log
[Sun Dec 11 13:50:02 2022] Launched impl_1...
Run output will be captured here: C:/Users/needs/OneDrive/Documents/GitHub/TerritorialWars_Basys3/test.runs/impl_1/runme.log
reset_run synth_1
update_compile_order -fileset sources_1
launch_runs impl_1 -to_step write_bitstream -jobs 2
WARNING: [Vivado 12-4801] The synthesis checkpoint for IP 'C:/Users/needs/OneDrive/Documents/GitHub/TerritorialWars_Basys3/test.srcs/sources_1/ip/xadc_wiz_0/xadc_wiz_0.xci' is available but stale and the IP is locked. An out-of-context (OOC) run will be created and/or launched, but synthesis may not be able to complete or could result in incorrect behavior.
Please select 'Report IP Status' from the 'Tools/Report' menu or run Tcl command 'report_ip_status' for more information.
WARNING: [Runs 36-337] The following IPs are either missing output products or output products are not up-to-date for Synthesis target. Since these IPs are locked, no update to the output products can be done. 
Please select 'Report IP Status' from the 'Tools/Report' menu or run Tcl command 'report_ip_status' for more information.
C:/Users/needs/OneDrive/Documents/GitHub/TerritorialWars_Basys3/test.srcs/sources_1/ip/xadc_wiz_0/xadc_wiz_0.xci

[Sun Dec 11 13:51:32 2022] Launched synth_1...
Run output will be captured here: C:/Users/needs/OneDrive/Documents/GitHub/TerritorialWars_Basys3/test.runs/synth_1/runme.log
[Sun Dec 11 13:51:32 2022] Launched impl_1...
Run output will be captured here: C:/Users/needs/OneDrive/Documents/GitHub/TerritorialWars_Basys3/test.runs/impl_1/runme.log
open_hw_manager
connect_hw_server -allow_non_jtag
INFO: [Labtools 27-2285] Connecting to hw_server url TCP:localhost:3121
INFO: [Labtools 27-2222] Launching hw_server...
INFO: [Labtools 27-2221] Launch Output:

****** Xilinx hw_server v2020.1
  **** Build date : May 27 2020 at 20:24:38
    ** Copyright 1986-2020 Xilinx, Inc. All Rights Reserved.


INFO: [Labtools 27-3415] Connecting to cs_server url TCP:localhost:3042
INFO: [Labtools 27-3417] Launching cs_server...
INFO: [Labtools 27-2221] Launch Output:


****** Xilinx cs_server v2020.1.0
  **** Build date : May 14 2020-06:10:29
    ** Copyright 2017-2020 Xilinx, Inc. All Rights Reserved.



connect_hw_server: Time (s): cpu = 00:00:01 ; elapsed = 00:00:17 . Memory (MB): peak = 1282.711 ; gain = 2.180
open_hw_target
INFO: [Labtoolstcl 44-466] Opening hw_target localhost:3121/xilinx_tcf/Digilent/210183AF305FA
open_hw_target: Time (s): cpu = 00:00:08 ; elapsed = 00:00:09 . Memory (MB): peak = 2589.074 ; gain = 1306.363
set_property PROGRAM.FILE {C:/Users/needs/OneDrive/Documents/GitHub/TerritorialWars_Basys3/test.runs/impl_1/XADCdemo.bit} [get_hw_devices xc7a35t_0]
current_hw_device [get_hw_devices xc7a35t_0]
refresh_hw_device -update_hw_probes false [lindex [get_hw_devices xc7a35t_0] 0]
INFO: [Labtools 27-1434] Device xc7a35t (JTAG device index = 0) is programmed with a design that has no supported debug core(s) in it.
set_property PROBES.FILE {} [get_hw_devices xc7a35t_0]
set_property FULL_PROBES.FILE {} [get_hw_devices xc7a35t_0]
set_property PROGRAM.FILE {C:/Users/needs/OneDrive/Documents/GitHub/TerritorialWars_Basys3/test.runs/impl_1/XADCdemo.bit} [get_hw_devices xc7a35t_0]
program_hw_devices [get_hw_devices xc7a35t_0]
INFO: [Labtools 27-3164] End of startup status: HIGH
refresh_hw_device [lindex [get_hw_devices xc7a35t_0] 0]
INFO: [Labtools 27-1434] Device xc7a35t (JTAG device index = 0) is programmed with a design that has no supported debug core(s) in it.
reset_run synth_1
launch_runs impl_1 -to_step write_bitstream -jobs 2
WARNING: [Vivado 12-4801] The synthesis checkpoint for IP 'C:/Users/needs/OneDrive/Documents/GitHub/TerritorialWars_Basys3/test.srcs/sources_1/ip/xadc_wiz_0/xadc_wiz_0.xci' is available but stale and the IP is locked. An out-of-context (OOC) run will be created and/or launched, but synthesis may not be able to complete or could result in incorrect behavior.
Please select 'Report IP Status' from the 'Tools/Report' menu or run Tcl command 'report_ip_status' for more information.
WARNING: [Runs 36-337] The following IPs are either missing output products or output products are not up-to-date for Synthesis target. Since these IPs are locked, no update to the output products can be done. 
Please select 'Report IP Status' from the 'Tools/Report' menu or run Tcl command 'report_ip_status' for more information.
C:/Users/needs/OneDrive/Documents/GitHub/TerritorialWars_Basys3/test.srcs/sources_1/ip/xadc_wiz_0/xadc_wiz_0.xci

[Sun Dec 11 13:59:19 2022] Launched synth_1...
Run output will be captured here: C:/Users/needs/OneDrive/Documents/GitHub/TerritorialWars_Basys3/test.runs/synth_1/runme.log
[Sun Dec 11 13:59:19 2022] Launched impl_1...
Run output will be captured here: C:/Users/needs/OneDrive/Documents/GitHub/TerritorialWars_Basys3/test.runs/impl_1/runme.log
set_property AUTO_INCREMENTAL_CHECKPOINT 1 [get_runs synth_1]
open_run impl_1
INFO: [Device 21-403] Loading part xc7a35tcpg236-1
Netlist sorting complete. Time (s): cpu = 00:00:00 ; elapsed = 00:00:00.013 . Memory (MB): peak = 2589.977 ; gain = 0.000
INFO: [Netlist 29-17] Analyzing 75 Unisim elements for replacement
INFO: [Netlist 29-28] Unisim Transformation completed in 0 CPU seconds
INFO: [Project 1-479] Netlist was created with Vivado 2020.1
INFO: [Project 1-570] Preparing netlist for logic optimization
INFO: [Timing 38-478] Restoring timing data from binary archive.
INFO: [Common 17-41] Interrupt caught. Command should exit soon.
INFO: [Timing 38-479] Binary timing data restore complete.
INFO: [Project 1-856] Restoring constraints from binary archive.
INFO: [Project 1-853] Binary constraint restore complete.
Reading XDEF placement.
Reading placer database...
Reading XDEF routing.
Restored from archive | CPU: 0.000000 secs | Memory: 0.000000 MB |
Finished XDEF File Restore: Time (s): cpu = 00:00:00 ; elapsed = 00:00:00.156 . Memory (MB): peak = 3224.648 ; gain = 0.000
open_run: Time (s): cpu = 00:00:35 ; elapsed = 00:00:39 . Memory (MB): peak = 3224.648 ; gain = 634.672
INFO: [Common 17-344] 'open_run' was cancelled
ERROR: [Labtoolstcl 44-513] HW Target shutdown. Closing target: localhost:3121/xilinx_tcf/Digilent/210183AF305FA
disconnect_hw_server localhost:3121
connect_hw_server -allow_non_jtag
INFO: [Labtools 27-2285] Connecting to hw_server url TCP:localhost:3121
INFO: [Labtools 27-3415] Connecting to cs_server url TCP:localhost:3042
INFO: [Labtools 27-3414] Connected to existing cs_server.
open_hw_target
INFO: [Labtoolstcl 44-466] Opening hw_target localhost:3121/xilinx_tcf/Digilent/210183AF305FA
set_property PROGRAM.FILE {C:/Users/needs/OneDrive/Documents/GitHub/TerritorialWars_Basys3/test.runs/impl_1/XADCdemo.bit} [get_hw_devices xc7a35t_0]
current_hw_device [get_hw_devices xc7a35t_0]
refresh_hw_device -update_hw_probes false [lindex [get_hw_devices xc7a35t_0] 0]
INFO: [Labtools 27-1434] Device xc7a35t (JTAG device index = 0) is programmed with a design that has no supported debug core(s) in it.
set_property PROBES.FILE {} [get_hw_devices xc7a35t_0]
set_property FULL_PROBES.FILE {} [get_hw_devices xc7a35t_0]
set_property PROGRAM.FILE {C:/Users/needs/OneDrive/Documents/GitHub/TerritorialWars_Basys3/test.runs/impl_1/XADCdemo.bit} [get_hw_devices xc7a35t_0]
program_hw_devices [get_hw_devices xc7a35t_0]
INFO: [Labtools 27-3164] End of startup status: HIGH
refresh_hw_device [lindex [get_hw_devices xc7a35t_0] 0]
INFO: [Labtools 27-1434] Device xc7a35t (JTAG device index = 0) is programmed with a design that has no supported debug core(s) in it.
set_property PROBES.FILE {} [get_hw_devices xc7a35t_0]
set_property FULL_PROBES.FILE {} [get_hw_devices xc7a35t_0]
set_property PROGRAM.FILE {C:/Users/needs/OneDrive/Documents/GitHub/TerritorialWars_Basys3/test.runs/impl_1/XADCdemo.bit} [get_hw_devices xc7a35t_0]
program_hw_devices [get_hw_devices xc7a35t_0]
INFO: [Labtools 27-3164] End of startup status: HIGH
refresh_hw_device [lindex [get_hw_devices xc7a35t_0] 0]
INFO: [Labtools 27-1434] Device xc7a35t (JTAG device index = 0) is programmed with a design that has no supported debug core(s) in it.
reset_run impl_1 -prev_step 
launch_runs impl_1 -to_step write_bitstream -jobs 2
WARNING: [Vivado 12-4801] The synthesis checkpoint for IP 'C:/Users/needs/OneDrive/Documents/GitHub/TerritorialWars_Basys3/test.srcs/sources_1/ip/xadc_wiz_0/xadc_wiz_0.xci' is available but stale and the IP is locked. An out-of-context (OOC) run will be created and/or launched, but synthesis may not be able to complete or could result in incorrect behavior.
Please select 'Report IP Status' from the 'Tools/Report' menu or run Tcl command 'report_ip_status' for more information.
[Sun Dec 11 14:09:57 2022] Launched impl_1...
Run output will be captured here: C:/Users/needs/OneDrive/Documents/GitHub/TerritorialWars_Basys3/test.runs/impl_1/runme.log
open_run impl_1
Netlist sorting complete. Time (s): cpu = 00:00:00 ; elapsed = 00:00:00.009 . Memory (MB): peak = 3224.648 ; gain = 0.000
INFO: [Netlist 29-17] Analyzing 75 Unisim elements for replacement
INFO: [Netlist 29-28] Unisim Transformation completed in 0 CPU seconds
INFO: [Project 1-479] Netlist was created with Vivado 2020.1
INFO: [Project 1-570] Preparing netlist for logic optimization
INFO: [Timing 38-478] Restoring timing data from binary archive.
INFO: [Timing 38-479] Binary timing data restore complete.
INFO: [Project 1-856] Restoring constraints from binary archive.
INFO: [Project 1-853] Binary constraint restore complete.
Reading XDEF placement.
Reading placer database...
Reading XDEF routing.
Read XDEF File: Time (s): cpu = 00:00:00 ; elapsed = 00:00:00.292 . Memory (MB): peak = 3235.809 ; gain = 0.000
Restored from archive | CPU: 0.000000 secs | Memory: 0.000000 MB |
Finished XDEF File Restore: Time (s): cpu = 00:00:00 ; elapsed = 00:00:00.292 . Memory (MB): peak = 3235.809 ; gain = 0.000
Netlist sorting complete. Time (s): cpu = 00:00:00 ; elapsed = 00:00:00 . Memory (MB): peak = 3235.809 ; gain = 0.000
INFO: [Project 1-111] Unisim Transformation Summary:
No Unisim elements were transformed.

open_run: Time (s): cpu = 00:00:20 ; elapsed = 00:00:13 . Memory (MB): peak = 3330.727 ; gain = 106.078
CRITICAL WARNING: [Timing 38-282] The design failed to meet the timing requirements. Please see the timing summary report for details on the timing violations.
set_property PROBES.FILE {} [get_hw_devices xc7a35t_0]
set_property FULL_PROBES.FILE {} [get_hw_devices xc7a35t_0]
set_property PROGRAM.FILE {C:/Users/needs/OneDrive/Documents/GitHub/TerritorialWars_Basys3/test.runs/impl_1/XADCdemo.bit} [get_hw_devices xc7a35t_0]
program_hw_devices [get_hw_devices xc7a35t_0]
INFO: [Labtools 27-3164] End of startup status: HIGH
refresh_hw_device [lindex [get_hw_devices xc7a35t_0] 0]
INFO: [Labtools 27-1434] Device xc7a35t (JTAG device index = 0) is programmed with a design that has no supported debug core(s) in it.
reset_run synth_1
INFO: [Project 1-954] Importing C:/Users/needs/OneDrive/Documents/GitHub/TerritorialWars_Basys3/test.runs/synth_1/XADCdemo.dcp file to utils Fileset.
launch_runs impl_1 -to_step write_bitstream -jobs 2
WARNING: [Vivado 12-4801] The synthesis checkpoint for IP 'C:/Users/needs/OneDrive/Documents/GitHub/TerritorialWars_Basys3/test.srcs/sources_1/ip/xadc_wiz_0/xadc_wiz_0.xci' is available but stale and the IP is locked. An out-of-context (OOC) run will be created and/or launched, but synthesis may not be able to complete or could result in incorrect behavior.
Please select 'Report IP Status' from the 'Tools/Report' menu or run Tcl command 'report_ip_status' for more information.
WARNING: [Runs 36-337] The following IPs are either missing output products or output products are not up-to-date for Synthesis target. Since these IPs are locked, no update to the output products can be done. 
Please select 'Report IP Status' from the 'Tools/Report' menu or run Tcl command 'report_ip_status' for more information.
C:/Users/needs/OneDrive/Documents/GitHub/TerritorialWars_Basys3/test.srcs/sources_1/ip/xadc_wiz_0/xadc_wiz_0.xci

[Sun Dec 11 14:13:23 2022] Launched synth_1...
Run output will be captured here: C:/Users/needs/OneDrive/Documents/GitHub/TerritorialWars_Basys3/test.runs/synth_1/runme.log
[Sun Dec 11 14:13:23 2022] Launched impl_1...
Run output will be captured here: C:/Users/needs/OneDrive/Documents/GitHub/TerritorialWars_Basys3/test.runs/impl_1/runme.log
set_property PROBES.FILE {} [get_hw_devices xc7a35t_0]
set_property FULL_PROBES.FILE {} [get_hw_devices xc7a35t_0]
set_property PROGRAM.FILE {C:/Users/needs/OneDrive/Documents/GitHub/TerritorialWars_Basys3/test.runs/impl_1/XADCdemo.bit} [get_hw_devices xc7a35t_0]
program_hw_devices [get_hw_devices xc7a35t_0]
INFO: [Labtools 27-3164] End of startup status: HIGH
refresh_hw_device [lindex [get_hw_devices xc7a35t_0] 0]
INFO: [Labtools 27-1434] Device xc7a35t (JTAG device index = 0) is programmed with a design that has no supported debug core(s) in it.
reset_run synth_1
INFO: [filemgmt 20-762] Replacing file 'C:/Users/needs/OneDrive/Documents/GitHub/TerritorialWars_Basys3/test.srcs/utils_1/imports/synth_1/XADCdemo.dcp' with file 'C:/Users/needs/OneDrive/Documents/GitHub/TerritorialWars_Basys3/test.runs/synth_1/XADCdemo.dcp'.
INFO: [filemgmt 20-1080] Importing file from 'C:/Users/needs/OneDrive/Documents/GitHub/TerritorialWars_Basys3/test.runs/synth_1/XADCdemo.dcp' to 'C:/Users/needs/OneDrive/Documents/GitHub/TerritorialWars_Basys3/test.srcs/utils_1/imports/synth_1/XADCdemo.dcp'.
launch_runs impl_1 -to_step write_bitstream -jobs 2
WARNING: [Vivado 12-4801] The synthesis checkpoint for IP 'C:/Users/needs/OneDrive/Documents/GitHub/TerritorialWars_Basys3/test.srcs/sources_1/ip/xadc_wiz_0/xadc_wiz_0.xci' is available but stale and the IP is locked. An out-of-context (OOC) run will be created and/or launched, but synthesis may not be able to complete or could result in incorrect behavior.
Please select 'Report IP Status' from the 'Tools/Report' menu or run Tcl command 'report_ip_status' for more information.
WARNING: [Runs 36-337] The following IPs are either missing output products or output products are not up-to-date for Synthesis target. Since these IPs are locked, no update to the output products can be done. 
Please select 'Report IP Status' from the 'Tools/Report' menu or run Tcl command 'report_ip_status' for more information.
C:/Users/needs/OneDrive/Documents/GitHub/TerritorialWars_Basys3/test.srcs/sources_1/ip/xadc_wiz_0/xadc_wiz_0.xci

[Sun Dec 11 14:20:24 2022] Launched synth_1...
Run output will be captured here: C:/Users/needs/OneDrive/Documents/GitHub/TerritorialWars_Basys3/test.runs/synth_1/runme.log
[Sun Dec 11 14:20:24 2022] Launched impl_1...
Run output will be captured here: C:/Users/needs/OneDrive/Documents/GitHub/TerritorialWars_Basys3/test.runs/impl_1/runme.log
set_property PROBES.FILE {} [get_hw_devices xc7a35t_0]
set_property FULL_PROBES.FILE {} [get_hw_devices xc7a35t_0]
set_property PROGRAM.FILE {C:/Users/needs/OneDrive/Documents/GitHub/TerritorialWars_Basys3/test.runs/impl_1/XADCdemo.bit} [get_hw_devices xc7a35t_0]
program_hw_devices [get_hw_devices xc7a35t_0]
INFO: [Labtools 27-3164] End of startup status: HIGH
refresh_hw_device [lindex [get_hw_devices xc7a35t_0] 0]
INFO: [Labtools 27-1434] Device xc7a35t (JTAG device index = 0) is programmed with a design that has no supported debug core(s) in it.
reset_run synth_1
INFO: [filemgmt 20-762] Replacing file 'C:/Users/needs/OneDrive/Documents/GitHub/TerritorialWars_Basys3/test.srcs/utils_1/imports/synth_1/XADCdemo.dcp' with file 'C:/Users/needs/OneDrive/Documents/GitHub/TerritorialWars_Basys3/test.runs/synth_1/XADCdemo.dcp'.
INFO: [filemgmt 20-1080] Importing file from 'C:/Users/needs/OneDrive/Documents/GitHub/TerritorialWars_Basys3/test.runs/synth_1/XADCdemo.dcp' to 'C:/Users/needs/OneDrive/Documents/GitHub/TerritorialWars_Basys3/test.srcs/utils_1/imports/synth_1/XADCdemo.dcp'.
launch_runs impl_1 -to_step write_bitstream -jobs 2
WARNING: [Vivado 12-4801] The synthesis checkpoint for IP 'C:/Users/needs/OneDrive/Documents/GitHub/TerritorialWars_Basys3/test.srcs/sources_1/ip/xadc_wiz_0/xadc_wiz_0.xci' is available but stale and the IP is locked. An out-of-context (OOC) run will be created and/or launched, but synthesis may not be able to complete or could result in incorrect behavior.
Please select 'Report IP Status' from the 'Tools/Report' menu or run Tcl command 'report_ip_status' for more information.
WARNING: [Runs 36-337] The following IPs are either missing output products or output products are not up-to-date for Synthesis target. Since these IPs are locked, no update to the output products can be done. 
Please select 'Report IP Status' from the 'Tools/Report' menu or run Tcl command 'report_ip_status' for more information.
C:/Users/needs/OneDrive/Documents/GitHub/TerritorialWars_Basys3/test.srcs/sources_1/ip/xadc_wiz_0/xadc_wiz_0.xci

[Sun Dec 11 14:29:06 2022] Launched synth_1...
Run output will be captured here: C:/Users/needs/OneDrive/Documents/GitHub/TerritorialWars_Basys3/test.runs/synth_1/runme.log
[Sun Dec 11 14:29:06 2022] Launched impl_1...
Run output will be captured here: C:/Users/needs/OneDrive/Documents/GitHub/TerritorialWars_Basys3/test.runs/impl_1/runme.log
set_property PROBES.FILE {} [get_hw_devices xc7a35t_0]
set_property FULL_PROBES.FILE {} [get_hw_devices xc7a35t_0]
set_property PROGRAM.FILE {C:/Users/needs/OneDrive/Documents/GitHub/TerritorialWars_Basys3/test.runs/impl_1/XADCdemo.bit} [get_hw_devices xc7a35t_0]
program_hw_devices [get_hw_devices xc7a35t_0]
INFO: [Labtools 27-3164] End of startup status: HIGH
refresh_hw_device [lindex [get_hw_devices xc7a35t_0] 0]
INFO: [Labtools 27-1434] Device xc7a35t (JTAG device index = 0) is programmed with a design that has no supported debug core(s) in it.
reset_run synth_1
INFO: [filemgmt 20-762] Replacing file 'C:/Users/needs/OneDrive/Documents/GitHub/TerritorialWars_Basys3/test.srcs/utils_1/imports/synth_1/XADCdemo.dcp' with file 'C:/Users/needs/OneDrive/Documents/GitHub/TerritorialWars_Basys3/test.runs/synth_1/XADCdemo.dcp'.
INFO: [filemgmt 20-1080] Importing file from 'C:/Users/needs/OneDrive/Documents/GitHub/TerritorialWars_Basys3/test.runs/synth_1/XADCdemo.dcp' to 'C:/Users/needs/OneDrive/Documents/GitHub/TerritorialWars_Basys3/test.srcs/utils_1/imports/synth_1/XADCdemo.dcp'.
launch_runs impl_1 -to_step write_bitstream -jobs 2
WARNING: [Vivado 12-4801] The synthesis checkpoint for IP 'C:/Users/needs/OneDrive/Documents/GitHub/TerritorialWars_Basys3/test.srcs/sources_1/ip/xadc_wiz_0/xadc_wiz_0.xci' is available but stale and the IP is locked. An out-of-context (OOC) run will be created and/or launched, but synthesis may not be able to complete or could result in incorrect behavior.
Please select 'Report IP Status' from the 'Tools/Report' menu or run Tcl command 'report_ip_status' for more information.
WARNING: [Runs 36-337] The following IPs are either missing output products or output products are not up-to-date for Synthesis target. Since these IPs are locked, no update to the output products can be done. 
Please select 'Report IP Status' from the 'Tools/Report' menu or run Tcl command 'report_ip_status' for more information.
C:/Users/needs/OneDrive/Documents/GitHub/TerritorialWars_Basys3/test.srcs/sources_1/ip/xadc_wiz_0/xadc_wiz_0.xci

[Sun Dec 11 14:36:14 2022] Launched synth_1...
Run output will be captured here: C:/Users/needs/OneDrive/Documents/GitHub/TerritorialWars_Basys3/test.runs/synth_1/runme.log
[Sun Dec 11 14:36:14 2022] Launched impl_1...
Run output will be captured here: C:/Users/needs/OneDrive/Documents/GitHub/TerritorialWars_Basys3/test.runs/impl_1/runme.log
ERROR: [Labtoolstcl 44-513] HW Target shutdown. Closing target: localhost:3121/xilinx_tcf/Digilent/210183AF305FA
INFO: [Labtoolstcl 44-466] Opening hw_target localhost:3121/xilinx_tcf/Digilent/210183AF305FA
INFO: [Labtools 27-1434] Device xc7a35t (JTAG device index = 0) is programmed with a design that has no supported debug core(s) in it.
WARNING: [Labtoolstcl 44-129] No matching hw_ila_data was found.
set_property PROBES.FILE {} [get_hw_devices xc7a35t_0]
set_property FULL_PROBES.FILE {} [get_hw_devices xc7a35t_0]
set_property PROGRAM.FILE {C:/Users/needs/OneDrive/Documents/GitHub/TerritorialWars_Basys3/test.runs/impl_1/XADCdemo.bit} [get_hw_devices xc7a35t_0]
program_hw_devices [get_hw_devices xc7a35t_0]
INFO: [Labtools 27-3164] End of startup status: HIGH
refresh_hw_device [lindex [get_hw_devices xc7a35t_0] 0]
INFO: [Labtools 27-1434] Device xc7a35t (JTAG device index = 0) is programmed with a design that has no supported debug core(s) in it.
reset_run synth_1
INFO: [filemgmt 20-762] Replacing file 'C:/Users/needs/OneDrive/Documents/GitHub/TerritorialWars_Basys3/test.srcs/utils_1/imports/synth_1/XADCdemo.dcp' with file 'C:/Users/needs/OneDrive/Documents/GitHub/TerritorialWars_Basys3/test.runs/synth_1/XADCdemo.dcp'.
INFO: [filemgmt 20-1080] Importing file from 'C:/Users/needs/OneDrive/Documents/GitHub/TerritorialWars_Basys3/test.runs/synth_1/XADCdemo.dcp' to 'C:/Users/needs/OneDrive/Documents/GitHub/TerritorialWars_Basys3/test.srcs/utils_1/imports/synth_1/XADCdemo.dcp'.
launch_runs impl_1 -to_step write_bitstream -jobs 2
WARNING: [Vivado 12-4801] The synthesis checkpoint for IP 'C:/Users/needs/OneDrive/Documents/GitHub/TerritorialWars_Basys3/test.srcs/sources_1/ip/xadc_wiz_0/xadc_wiz_0.xci' is available but stale and the IP is locked. An out-of-context (OOC) run will be created and/or launched, but synthesis may not be able to complete or could result in incorrect behavior.
Please select 'Report IP Status' from the 'Tools/Report' menu or run Tcl command 'report_ip_status' for more information.
WARNING: [Runs 36-337] The following IPs are either missing output products or output products are not up-to-date for Synthesis target. Since these IPs are locked, no update to the output products can be done. 
Please select 'Report IP Status' from the 'Tools/Report' menu or run Tcl command 'report_ip_status' for more information.
C:/Users/needs/OneDrive/Documents/GitHub/TerritorialWars_Basys3/test.srcs/sources_1/ip/xadc_wiz_0/xadc_wiz_0.xci

[Sun Dec 11 14:53:12 2022] Launched synth_1...
Run output will be captured here: C:/Users/needs/OneDrive/Documents/GitHub/TerritorialWars_Basys3/test.runs/synth_1/runme.log
[Sun Dec 11 14:53:12 2022] Launched impl_1...
Run output will be captured here: C:/Users/needs/OneDrive/Documents/GitHub/TerritorialWars_Basys3/test.runs/impl_1/runme.log
set_property PROBES.FILE {} [get_hw_devices xc7a35t_0]
set_property FULL_PROBES.FILE {} [get_hw_devices xc7a35t_0]
set_property PROGRAM.FILE {C:/Users/needs/OneDrive/Documents/GitHub/TerritorialWars_Basys3/test.runs/impl_1/XADCdemo.bit} [get_hw_devices xc7a35t_0]
program_hw_devices [get_hw_devices xc7a35t_0]
INFO: [Labtools 27-3164] End of startup status: HIGH
refresh_hw_device [lindex [get_hw_devices xc7a35t_0] 0]
INFO: [Labtools 27-1434] Device xc7a35t (JTAG device index = 0) is programmed with a design that has no supported debug core(s) in it.
reset_run synth_1
INFO: [filemgmt 20-762] Replacing file 'C:/Users/needs/OneDrive/Documents/GitHub/TerritorialWars_Basys3/test.srcs/utils_1/imports/synth_1/XADCdemo.dcp' with file 'C:/Users/needs/OneDrive/Documents/GitHub/TerritorialWars_Basys3/test.runs/synth_1/XADCdemo.dcp'.
INFO: [filemgmt 20-1080] Importing file from 'C:/Users/needs/OneDrive/Documents/GitHub/TerritorialWars_Basys3/test.runs/synth_1/XADCdemo.dcp' to 'C:/Users/needs/OneDrive/Documents/GitHub/TerritorialWars_Basys3/test.srcs/utils_1/imports/synth_1/XADCdemo.dcp'.
launch_runs impl_1 -to_step write_bitstream -jobs 2
WARNING: [Vivado 12-4801] The synthesis checkpoint for IP 'C:/Users/needs/OneDrive/Documents/GitHub/TerritorialWars_Basys3/test.srcs/sources_1/ip/xadc_wiz_0/xadc_wiz_0.xci' is available but stale and the IP is locked. An out-of-context (OOC) run will be created and/or launched, but synthesis may not be able to complete or could result in incorrect behavior.
Please select 'Report IP Status' from the 'Tools/Report' menu or run Tcl command 'report_ip_status' for more information.
WARNING: [Runs 36-337] The following IPs are either missing output products or output products are not up-to-date for Synthesis target. Since these IPs are locked, no update to the output products can be done. 
Please select 'Report IP Status' from the 'Tools/Report' menu or run Tcl command 'report_ip_status' for more information.
C:/Users/needs/OneDrive/Documents/GitHub/TerritorialWars_Basys3/test.srcs/sources_1/ip/xadc_wiz_0/xadc_wiz_0.xci

[Sun Dec 11 15:01:05 2022] Launched synth_1...
Run output will be captured here: C:/Users/needs/OneDrive/Documents/GitHub/TerritorialWars_Basys3/test.runs/synth_1/runme.log
[Sun Dec 11 15:01:05 2022] Launched impl_1...
Run output will be captured here: C:/Users/needs/OneDrive/Documents/GitHub/TerritorialWars_Basys3/test.runs/impl_1/runme.log
set_property PROBES.FILE {} [get_hw_devices xc7a35t_0]
set_property FULL_PROBES.FILE {} [get_hw_devices xc7a35t_0]
set_property PROGRAM.FILE {C:/Users/needs/OneDrive/Documents/GitHub/TerritorialWars_Basys3/test.runs/impl_1/XADCdemo.bit} [get_hw_devices xc7a35t_0]
program_hw_devices [get_hw_devices xc7a35t_0]
INFO: [Labtools 27-3164] End of startup status: HIGH
refresh_hw_device [lindex [get_hw_devices xc7a35t_0] 0]
INFO: [Labtools 27-1434] Device xc7a35t (JTAG device index = 0) is programmed with a design that has no supported debug core(s) in it.
reset_run synth_1
INFO: [filemgmt 20-762] Replacing file 'C:/Users/needs/OneDrive/Documents/GitHub/TerritorialWars_Basys3/test.srcs/utils_1/imports/synth_1/XADCdemo.dcp' with file 'C:/Users/needs/OneDrive/Documents/GitHub/TerritorialWars_Basys3/test.runs/synth_1/XADCdemo.dcp'.
INFO: [filemgmt 20-1080] Importing file from 'C:/Users/needs/OneDrive/Documents/GitHub/TerritorialWars_Basys3/test.runs/synth_1/XADCdemo.dcp' to 'C:/Users/needs/OneDrive/Documents/GitHub/TerritorialWars_Basys3/test.srcs/utils_1/imports/synth_1/XADCdemo.dcp'.
launch_runs impl_1 -to_step write_bitstream -jobs 2
WARNING: [Vivado 12-4801] The synthesis checkpoint for IP 'C:/Users/needs/OneDrive/Documents/GitHub/TerritorialWars_Basys3/test.srcs/sources_1/ip/xadc_wiz_0/xadc_wiz_0.xci' is available but stale and the IP is locked. An out-of-context (OOC) run will be created and/or launched, but synthesis may not be able to complete or could result in incorrect behavior.
Please select 'Report IP Status' from the 'Tools/Report' menu or run Tcl command 'report_ip_status' for more information.
WARNING: [Runs 36-337] The following IPs are either missing output products or output products are not up-to-date for Synthesis target. Since these IPs are locked, no update to the output products can be done. 
Please select 'Report IP Status' from the 'Tools/Report' menu or run Tcl command 'report_ip_status' for more information.
C:/Users/needs/OneDrive/Documents/GitHub/TerritorialWars_Basys3/test.srcs/sources_1/ip/xadc_wiz_0/xadc_wiz_0.xci

[Sun Dec 11 15:10:11 2022] Launched synth_1...
Run output will be captured here: C:/Users/needs/OneDrive/Documents/GitHub/TerritorialWars_Basys3/test.runs/synth_1/runme.log
[Sun Dec 11 15:10:11 2022] Launched impl_1...
Run output will be captured here: C:/Users/needs/OneDrive/Documents/GitHub/TerritorialWars_Basys3/test.runs/impl_1/runme.log
ERROR: [Labtoolstcl 44-513] HW Target shutdown. Closing target: localhost:3121/xilinx_tcf/Digilent/210183AF305FA
INFO: [Labtoolstcl 44-466] Opening hw_target localhost:3121/xilinx_tcf/Digilent/210183AF305FA
INFO: [Labtools 27-1434] Device xc7a35t (JTAG device index = 0) is programmed with a design that has no supported debug core(s) in it.
WARNING: [Labtoolstcl 44-129] No matching hw_ila_data was found.
set_property PROBES.FILE {} [get_hw_devices xc7a35t_0]
set_property FULL_PROBES.FILE {} [get_hw_devices xc7a35t_0]
set_property PROGRAM.FILE {C:/Users/needs/OneDrive/Documents/GitHub/TerritorialWars_Basys3/test.runs/impl_1/XADCdemo.bit} [get_hw_devices xc7a35t_0]
program_hw_devices [get_hw_devices xc7a35t_0]
INFO: [Labtools 27-3164] End of startup status: HIGH
refresh_hw_device [lindex [get_hw_devices xc7a35t_0] 0]
INFO: [Labtools 27-1434] Device xc7a35t (JTAG device index = 0) is programmed with a design that has no supported debug core(s) in it.
reset_run synth_1
INFO: [filemgmt 20-762] Replacing file 'C:/Users/needs/OneDrive/Documents/GitHub/TerritorialWars_Basys3/test.srcs/utils_1/imports/synth_1/XADCdemo.dcp' with file 'C:/Users/needs/OneDrive/Documents/GitHub/TerritorialWars_Basys3/test.runs/synth_1/XADCdemo.dcp'.
INFO: [filemgmt 20-1080] Importing file from 'C:/Users/needs/OneDrive/Documents/GitHub/TerritorialWars_Basys3/test.runs/synth_1/XADCdemo.dcp' to 'C:/Users/needs/OneDrive/Documents/GitHub/TerritorialWars_Basys3/test.srcs/utils_1/imports/synth_1/XADCdemo.dcp'.
launch_runs impl_1 -to_step write_bitstream -jobs 2
WARNING: [Vivado 12-4801] The synthesis checkpoint for IP 'C:/Users/needs/OneDrive/Documents/GitHub/TerritorialWars_Basys3/test.srcs/sources_1/ip/xadc_wiz_0/xadc_wiz_0.xci' is available but stale and the IP is locked. An out-of-context (OOC) run will be created and/or launched, but synthesis may not be able to complete or could result in incorrect behavior.
Please select 'Report IP Status' from the 'Tools/Report' menu or run Tcl command 'report_ip_status' for more information.
WARNING: [Runs 36-337] The following IPs are either missing output products or output products are not up-to-date for Synthesis target. Since these IPs are locked, no update to the output products can be done. 
Please select 'Report IP Status' from the 'Tools/Report' menu or run Tcl command 'report_ip_status' for more information.
C:/Users/needs/OneDrive/Documents/GitHub/TerritorialWars_Basys3/test.srcs/sources_1/ip/xadc_wiz_0/xadc_wiz_0.xci

[Sun Dec 11 15:24:19 2022] Launched synth_1...
Run output will be captured here: C:/Users/needs/OneDrive/Documents/GitHub/TerritorialWars_Basys3/test.runs/synth_1/runme.log
[Sun Dec 11 15:24:19 2022] Launched impl_1...
Run output will be captured here: C:/Users/needs/OneDrive/Documents/GitHub/TerritorialWars_Basys3/test.runs/impl_1/runme.log
set_property PROBES.FILE {} [get_hw_devices xc7a35t_0]
set_property FULL_PROBES.FILE {} [get_hw_devices xc7a35t_0]
set_property PROGRAM.FILE {C:/Users/needs/OneDrive/Documents/GitHub/TerritorialWars_Basys3/test.runs/impl_1/XADCdemo.bit} [get_hw_devices xc7a35t_0]
program_hw_devices [get_hw_devices xc7a35t_0]
INFO: [Labtools 27-3164] End of startup status: HIGH
refresh_hw_device [lindex [get_hw_devices xc7a35t_0] 0]
INFO: [Labtools 27-1434] Device xc7a35t (JTAG device index = 0) is programmed with a design that has no supported debug core(s) in it.
reset_run synth_1
INFO: [filemgmt 20-762] Replacing file 'C:/Users/needs/OneDrive/Documents/GitHub/TerritorialWars_Basys3/test.srcs/utils_1/imports/synth_1/XADCdemo.dcp' with file 'C:/Users/needs/OneDrive/Documents/GitHub/TerritorialWars_Basys3/test.runs/synth_1/XADCdemo.dcp'.
INFO: [filemgmt 20-1080] Importing file from 'C:/Users/needs/OneDrive/Documents/GitHub/TerritorialWars_Basys3/test.runs/synth_1/XADCdemo.dcp' to 'C:/Users/needs/OneDrive/Documents/GitHub/TerritorialWars_Basys3/test.srcs/utils_1/imports/synth_1/XADCdemo.dcp'.
launch_runs impl_1 -to_step write_bitstream -jobs 2
WARNING: [Vivado 12-4801] The synthesis checkpoint for IP 'C:/Users/needs/OneDrive/Documents/GitHub/TerritorialWars_Basys3/test.srcs/sources_1/ip/xadc_wiz_0/xadc_wiz_0.xci' is available but stale and the IP is locked. An out-of-context (OOC) run will be created and/or launched, but synthesis may not be able to complete or could result in incorrect behavior.
Please select 'Report IP Status' from the 'Tools/Report' menu or run Tcl command 'report_ip_status' for more information.
WARNING: [Runs 36-337] The following IPs are either missing output products or output products are not up-to-date for Synthesis target. Since these IPs are locked, no update to the output products can be done. 
Please select 'Report IP Status' from the 'Tools/Report' menu or run Tcl command 'report_ip_status' for more information.
C:/Users/needs/OneDrive/Documents/GitHub/TerritorialWars_Basys3/test.srcs/sources_1/ip/xadc_wiz_0/xadc_wiz_0.xci

[Sun Dec 11 15:31:53 2022] Launched synth_1...
Run output will be captured here: C:/Users/needs/OneDrive/Documents/GitHub/TerritorialWars_Basys3/test.runs/synth_1/runme.log
[Sun Dec 11 15:31:53 2022] Launched impl_1...
Run output will be captured here: C:/Users/needs/OneDrive/Documents/GitHub/TerritorialWars_Basys3/test.runs/impl_1/runme.log
set_property PROBES.FILE {} [get_hw_devices xc7a35t_0]
set_property FULL_PROBES.FILE {} [get_hw_devices xc7a35t_0]
set_property PROGRAM.FILE {C:/Users/needs/OneDrive/Documents/GitHub/TerritorialWars_Basys3/test.runs/impl_1/XADCdemo.bit} [get_hw_devices xc7a35t_0]
program_hw_devices [get_hw_devices xc7a35t_0]
INFO: [Labtools 27-3164] End of startup status: HIGH
refresh_hw_device [lindex [get_hw_devices xc7a35t_0] 0]
INFO: [Labtools 27-1434] Device xc7a35t (JTAG device index = 0) is programmed with a design that has no supported debug core(s) in it.
reset_run synth_1
INFO: [filemgmt 20-762] Replacing file 'C:/Users/needs/OneDrive/Documents/GitHub/TerritorialWars_Basys3/test.srcs/utils_1/imports/synth_1/XADCdemo.dcp' with file 'C:/Users/needs/OneDrive/Documents/GitHub/TerritorialWars_Basys3/test.runs/synth_1/XADCdemo.dcp'.
INFO: [filemgmt 20-1080] Importing file from 'C:/Users/needs/OneDrive/Documents/GitHub/TerritorialWars_Basys3/test.runs/synth_1/XADCdemo.dcp' to 'C:/Users/needs/OneDrive/Documents/GitHub/TerritorialWars_Basys3/test.srcs/utils_1/imports/synth_1/XADCdemo.dcp'.
launch_runs impl_1 -to_step write_bitstream -jobs 2
WARNING: [Vivado 12-4801] The synthesis checkpoint for IP 'C:/Users/needs/OneDrive/Documents/GitHub/TerritorialWars_Basys3/test.srcs/sources_1/ip/xadc_wiz_0/xadc_wiz_0.xci' is available but stale and the IP is locked. An out-of-context (OOC) run will be created and/or launched, but synthesis may not be able to complete or could result in incorrect behavior.
Please select 'Report IP Status' from the 'Tools/Report' menu or run Tcl command 'report_ip_status' for more information.
WARNING: [Runs 36-337] The following IPs are either missing output products or output products are not up-to-date for Synthesis target. Since these IPs are locked, no update to the output products can be done. 
Please select 'Report IP Status' from the 'Tools/Report' menu or run Tcl command 'report_ip_status' for more information.
C:/Users/needs/OneDrive/Documents/GitHub/TerritorialWars_Basys3/test.srcs/sources_1/ip/xadc_wiz_0/xadc_wiz_0.xci

[Sun Dec 11 15:38:24 2022] Launched synth_1...
Run output will be captured here: C:/Users/needs/OneDrive/Documents/GitHub/TerritorialWars_Basys3/test.runs/synth_1/runme.log
[Sun Dec 11 15:38:24 2022] Launched impl_1...
Run output will be captured here: C:/Users/needs/OneDrive/Documents/GitHub/TerritorialWars_Basys3/test.runs/impl_1/runme.log
set_property PROBES.FILE {} [get_hw_devices xc7a35t_0]
set_property FULL_PROBES.FILE {} [get_hw_devices xc7a35t_0]
set_property PROGRAM.FILE {C:/Users/needs/OneDrive/Documents/GitHub/TerritorialWars_Basys3/test.runs/impl_1/XADCdemo.bit} [get_hw_devices xc7a35t_0]
program_hw_devices [get_hw_devices xc7a35t_0]
INFO: [Labtools 27-3164] End of startup status: HIGH
refresh_hw_device [lindex [get_hw_devices xc7a35t_0] 0]
INFO: [Labtools 27-1434] Device xc7a35t (JTAG device index = 0) is programmed with a design that has no supported debug core(s) in it.
set_property PROBES.FILE {} [get_hw_devices xc7a35t_0]
set_property FULL_PROBES.FILE {} [get_hw_devices xc7a35t_0]
set_property PROGRAM.FILE {C:/Users/needs/OneDrive/Documents/GitHub/TerritorialWars_Basys3/test.runs/impl_1/XADCdemo.bit} [get_hw_devices xc7a35t_0]
program_hw_devices [get_hw_devices xc7a35t_0]
INFO: [Labtools 27-3164] End of startup status: HIGH
refresh_hw_device [lindex [get_hw_devices xc7a35t_0] 0]
INFO: [Labtools 27-1434] Device xc7a35t (JTAG device index = 0) is programmed with a design that has no supported debug core(s) in it.
reset_run impl_1 -prev_step 
launch_runs impl_1 -to_step write_bitstream -jobs 2
WARNING: [Vivado 12-4801] The synthesis checkpoint for IP 'C:/Users/needs/OneDrive/Documents/GitHub/TerritorialWars_Basys3/test.srcs/sources_1/ip/xadc_wiz_0/xadc_wiz_0.xci' is available but stale and the IP is locked. An out-of-context (OOC) run will be created and/or launched, but synthesis may not be able to complete or could result in incorrect behavior.
Please select 'Report IP Status' from the 'Tools/Report' menu or run Tcl command 'report_ip_status' for more information.
[Sun Dec 11 15:48:07 2022] Launched impl_1...
Run output will be captured here: C:/Users/needs/OneDrive/Documents/GitHub/TerritorialWars_Basys3/test.runs/impl_1/runme.log
reset_run impl_1 -prev_step 
reset_run synth_1
INFO: [filemgmt 20-762] Replacing file 'C:/Users/needs/OneDrive/Documents/GitHub/TerritorialWars_Basys3/test.srcs/utils_1/imports/synth_1/XADCdemo.dcp' with file 'C:/Users/needs/OneDrive/Documents/GitHub/TerritorialWars_Basys3/test.runs/synth_1/XADCdemo.dcp'.
INFO: [filemgmt 20-1080] Importing file from 'C:/Users/needs/OneDrive/Documents/GitHub/TerritorialWars_Basys3/test.runs/synth_1/XADCdemo.dcp' to 'C:/Users/needs/OneDrive/Documents/GitHub/TerritorialWars_Basys3/test.srcs/utils_1/imports/synth_1/XADCdemo.dcp'.
launch_runs impl_1 -to_step write_bitstream -jobs 2
WARNING: [Vivado 12-4801] The synthesis checkpoint for IP 'C:/Users/needs/OneDrive/Documents/GitHub/TerritorialWars_Basys3/test.srcs/sources_1/ip/xadc_wiz_0/xadc_wiz_0.xci' is available but stale and the IP is locked. An out-of-context (OOC) run will be created and/or launched, but synthesis may not be able to complete or could result in incorrect behavior.
Please select 'Report IP Status' from the 'Tools/Report' menu or run Tcl command 'report_ip_status' for more information.
WARNING: [Runs 36-337] The following IPs are either missing output products or output products are not up-to-date for Synthesis target. Since these IPs are locked, no update to the output products can be done. 
Please select 'Report IP Status' from the 'Tools/Report' menu or run Tcl command 'report_ip_status' for more information.
C:/Users/needs/OneDrive/Documents/GitHub/TerritorialWars_Basys3/test.srcs/sources_1/ip/xadc_wiz_0/xadc_wiz_0.xci

[Sun Dec 11 15:48:38 2022] Launched synth_1...
Run output will be captured here: C:/Users/needs/OneDrive/Documents/GitHub/TerritorialWars_Basys3/test.runs/synth_1/runme.log
[Sun Dec 11 15:48:38 2022] Launched impl_1...
Run output will be captured here: C:/Users/needs/OneDrive/Documents/GitHub/TerritorialWars_Basys3/test.runs/impl_1/runme.log
set_property PROBES.FILE {} [get_hw_devices xc7a35t_0]
set_property FULL_PROBES.FILE {} [get_hw_devices xc7a35t_0]
set_property PROGRAM.FILE {C:/Users/needs/OneDrive/Documents/GitHub/TerritorialWars_Basys3/test.runs/impl_1/XADCdemo.bit} [get_hw_devices xc7a35t_0]
program_hw_devices [get_hw_devices xc7a35t_0]
INFO: [Labtools 27-3164] End of startup status: HIGH
refresh_hw_device [lindex [get_hw_devices xc7a35t_0] 0]
INFO: [Labtools 27-1434] Device xc7a35t (JTAG device index = 0) is programmed with a design that has no supported debug core(s) in it.
set_property PROBES.FILE {} [get_hw_devices xc7a35t_0]
set_property FULL_PROBES.FILE {} [get_hw_devices xc7a35t_0]
set_property PROGRAM.FILE {C:/Users/needs/OneDrive/Documents/GitHub/TerritorialWars_Basys3/test.runs/impl_1/XADCdemo.bit} [get_hw_devices xc7a35t_0]
program_hw_devices [get_hw_devices xc7a35t_0]
INFO: [Labtools 27-3164] End of startup status: HIGH
refresh_hw_device [lindex [get_hw_devices xc7a35t_0] 0]
INFO: [Labtools 27-1434] Device xc7a35t (JTAG device index = 0) is programmed with a design that has no supported debug core(s) in it.
set_property PROBES.FILE {} [get_hw_devices xc7a35t_0]
set_property FULL_PROBES.FILE {} [get_hw_devices xc7a35t_0]
set_property PROGRAM.FILE {C:/Users/needs/OneDrive/Documents/GitHub/TerritorialWars_Basys3/test.runs/impl_1/XADCdemo.bit} [get_hw_devices xc7a35t_0]
program_hw_devices [get_hw_devices xc7a35t_0]
INFO: [Labtools 27-3164] End of startup status: HIGH
refresh_hw_device [lindex [get_hw_devices xc7a35t_0] 0]
INFO: [Labtools 27-1434] Device xc7a35t (JTAG device index = 0) is programmed with a design that has no supported debug core(s) in it.
reset_run impl_1 -prev_step 
launch_runs impl_1 -to_step write_bitstream -jobs 2
WARNING: [Vivado 12-4801] The synthesis checkpoint for IP 'C:/Users/needs/OneDrive/Documents/GitHub/TerritorialWars_Basys3/test.srcs/sources_1/ip/xadc_wiz_0/xadc_wiz_0.xci' is available but stale and the IP is locked. An out-of-context (OOC) run will be created and/or launched, but synthesis may not be able to complete or could result in incorrect behavior.
Please select 'Report IP Status' from the 'Tools/Report' menu or run Tcl command 'report_ip_status' for more information.
[Sun Dec 11 15:57:20 2022] Launched impl_1...
Run output will be captured here: C:/Users/needs/OneDrive/Documents/GitHub/TerritorialWars_Basys3/test.runs/impl_1/runme.log
ERROR: [Labtoolstcl 44-513] HW Target shutdown. Closing target: localhost:3121/xilinx_tcf/Digilent/210183AF305FA
INFO: [Labtoolstcl 44-466] Opening hw_target localhost:3121/xilinx_tcf/Digilent/210183AF305FA
INFO: [Labtools 27-1434] Device xc7a35t (JTAG device index = 0) is programmed with a design that has no supported debug core(s) in it.
WARNING: [Labtoolstcl 44-129] No matching hw_ila_data was found.
set_property PROBES.FILE {} [get_hw_devices xc7a35t_0]
set_property FULL_PROBES.FILE {} [get_hw_devices xc7a35t_0]
set_property PROGRAM.FILE {C:/Users/needs/OneDrive/Documents/GitHub/TerritorialWars_Basys3/test.runs/impl_1/XADCdemo.bit} [get_hw_devices xc7a35t_0]
program_hw_devices [get_hw_devices xc7a35t_0]
INFO: [Labtools 27-3164] End of startup status: HIGH
refresh_hw_device [lindex [get_hw_devices xc7a35t_0] 0]
INFO: [Labtools 27-1434] Device xc7a35t (JTAG device index = 0) is programmed with a design that has no supported debug core(s) in it.
reset_run synth_1
INFO: [filemgmt 20-762] Replacing file 'C:/Users/needs/OneDrive/Documents/GitHub/TerritorialWars_Basys3/test.srcs/utils_1/imports/synth_1/XADCdemo.dcp' with file 'C:/Users/needs/OneDrive/Documents/GitHub/TerritorialWars_Basys3/test.runs/synth_1/XADCdemo.dcp'.
INFO: [filemgmt 20-1080] Importing file from 'C:/Users/needs/OneDrive/Documents/GitHub/TerritorialWars_Basys3/test.runs/synth_1/XADCdemo.dcp' to 'C:/Users/needs/OneDrive/Documents/GitHub/TerritorialWars_Basys3/test.srcs/utils_1/imports/synth_1/XADCdemo.dcp'.
launch_runs impl_1 -to_step write_bitstream -jobs 2
WARNING: [Vivado 12-4801] The synthesis checkpoint for IP 'C:/Users/needs/OneDrive/Documents/GitHub/TerritorialWars_Basys3/test.srcs/sources_1/ip/xadc_wiz_0/xadc_wiz_0.xci' is available but stale and the IP is locked. An out-of-context (OOC) run will be created and/or launched, but synthesis may not be able to complete or could result in incorrect behavior.
Please select 'Report IP Status' from the 'Tools/Report' menu or run Tcl command 'report_ip_status' for more information.
WARNING: [Runs 36-337] The following IPs are either missing output products or output products are not up-to-date for Synthesis target. Since these IPs are locked, no update to the output products can be done. 
Please select 'Report IP Status' from the 'Tools/Report' menu or run Tcl command 'report_ip_status' for more information.
C:/Users/needs/OneDrive/Documents/GitHub/TerritorialWars_Basys3/test.srcs/sources_1/ip/xadc_wiz_0/xadc_wiz_0.xci

[Sun Dec 11 16:01:29 2022] Launched synth_1...
Run output will be captured here: C:/Users/needs/OneDrive/Documents/GitHub/TerritorialWars_Basys3/test.runs/synth_1/runme.log
[Sun Dec 11 16:01:29 2022] Launched impl_1...
Run output will be captured here: C:/Users/needs/OneDrive/Documents/GitHub/TerritorialWars_Basys3/test.runs/impl_1/runme.log
set_property PROBES.FILE {} [get_hw_devices xc7a35t_0]
set_property FULL_PROBES.FILE {} [get_hw_devices xc7a35t_0]
set_property PROGRAM.FILE {C:/Users/needs/OneDrive/Documents/GitHub/TerritorialWars_Basys3/test.runs/impl_1/XADCdemo.bit} [get_hw_devices xc7a35t_0]
program_hw_devices [get_hw_devices xc7a35t_0]
INFO: [Labtools 27-3164] End of startup status: HIGH
refresh_hw_device [lindex [get_hw_devices xc7a35t_0] 0]
INFO: [Labtools 27-1434] Device xc7a35t (JTAG device index = 0) is programmed with a design that has no supported debug core(s) in it.
exit
INFO: [Common 17-206] Exiting Vivado at Sun Dec 11 16:18:42 2022...
